<?xml version="1.0" encoding="UTF-8"?>
<testsuite xmlns:xsi="http://www.w3.org/2001/XMLSchema-instance" xsi:noNamespaceSchemaLocation="https://maven.apache.org/surefire/maven-surefire-plugin/xsd/surefire-test-report-3.0.xsd" version="3.0" name="TestSuite" time="26.792" tests="3" errors="0" skipped="0" failures="3">
  <properties>
    <property name="gopherProxySet" value="false"/>
    <property name="awt.toolkit" value="sun.lwawt.macosx.LWCToolkit"/>
    <property name="file.encoding.pkg" value="sun.io"/>
    <property name="java.specification.version" value="1.8"/>
    <property name="sun.cpu.isalist" value=""/>
    <property name="sun.jnu.encoding" value="UTF-8"/>
    <property name="java.class.path" value="/Users/rajeshchaudhary/Documents/okcredit/target/test-classes:/Users/rajeshchaudhary/Documents/okcredit/target/classes:/Users/rajeshchaudhary/.m2/repository/io/appium/java-client/7.3.0/java-client-7.3.0.jar:/Users/rajeshchaudhary/.m2/repository/org/seleniumhq/selenium/selenium-java/3.141.59/selenium-java-3.141.59.jar:/Users/rajeshchaudhary/.m2/repository/org/seleniumhq/selenium/selenium-chrome-driver/3.141.59/selenium-chrome-driver-3.141.59.jar:/Users/rajeshchaudhary/.m2/repository/org/seleniumhq/selenium/selenium-edge-driver/3.141.59/selenium-edge-driver-3.141.59.jar:/Users/rajeshchaudhary/.m2/repository/org/seleniumhq/selenium/selenium-firefox-driver/3.141.59/selenium-firefox-driver-3.141.59.jar:/Users/rajeshchaudhary/.m2/repository/org/seleniumhq/selenium/selenium-ie-driver/3.141.59/selenium-ie-driver-3.141.59.jar:/Users/rajeshchaudhary/.m2/repository/org/seleniumhq/selenium/selenium-opera-driver/3.141.59/selenium-opera-driver-3.141.59.jar:/Users/rajeshchaudhary/.m2/repository/org/seleniumhq/selenium/selenium-remote-driver/3.141.59/selenium-remote-driver-3.141.59.jar:/Users/rajeshchaudhary/.m2/repository/org/seleniumhq/selenium/selenium-safari-driver/3.141.59/selenium-safari-driver-3.141.59.jar:/Users/rajeshchaudhary/.m2/repository/net/bytebuddy/byte-buddy/1.8.15/byte-buddy-1.8.15.jar:/Users/rajeshchaudhary/.m2/repository/org/apache/commons/commons-exec/1.3/commons-exec-1.3.jar:/Users/rajeshchaudhary/.m2/repository/com/google/guava/guava/25.0-jre/guava-25.0-jre.jar:/Users/rajeshchaudhary/.m2/repository/com/google/code/findbugs/jsr305/1.3.9/jsr305-1.3.9.jar:/Users/rajeshchaudhary/.m2/repository/org/checkerframework/checker-compat-qual/2.0.0/checker-compat-qual-2.0.0.jar:/Users/rajeshchaudhary/.m2/repository/com/google/errorprone/error_prone_annotations/2.1.3/error_prone_annotations-2.1.3.jar:/Users/rajeshchaudhary/.m2/repository/com/google/j2objc/j2objc-annotations/1.1/j2objc-annotations-1.1.jar:/Users/rajeshchaudhary/.m2/repository/org/codehaus/mojo/animal-sniffer-annotations/1.14/animal-sniffer-annotations-1.14.jar:/Users/rajeshchaudhary/.m2/repository/com/squareup/okhttp3/okhttp/3.11.0/okhttp-3.11.0.jar:/Users/rajeshchaudhary/.m2/repository/com/squareup/okio/okio/1.14.0/okio-1.14.0.jar:/Users/rajeshchaudhary/.m2/repository/org/seleniumhq/selenium/selenium-support/3.141.59/selenium-support-3.141.59.jar:/Users/rajeshchaudhary/.m2/repository/org/seleniumhq/selenium/selenium-api/3.141.59/selenium-api-3.141.59.jar:/Users/rajeshchaudhary/.m2/repository/com/google/code/gson/gson/2.8.5/gson-2.8.5.jar:/Users/rajeshchaudhary/.m2/repository/org/apache/httpcomponents/httpclient/4.5.9/httpclient-4.5.9.jar:/Users/rajeshchaudhary/.m2/repository/org/apache/httpcomponents/httpcore/4.4.11/httpcore-4.4.11.jar:/Users/rajeshchaudhary/.m2/repository/commons-logging/commons-logging/1.2/commons-logging-1.2.jar:/Users/rajeshchaudhary/.m2/repository/commons-codec/commons-codec/1.11/commons-codec-1.11.jar:/Users/rajeshchaudhary/.m2/repository/cglib/cglib/3.2.12/cglib-3.2.12.jar:/Users/rajeshchaudhary/.m2/repository/org/ow2/asm/asm/7.1/asm-7.1.jar:/Users/rajeshchaudhary/.m2/repository/commons-validator/commons-validator/1.6/commons-validator-1.6.jar:/Users/rajeshchaudhary/.m2/repository/commons-beanutils/commons-beanutils/1.9.2/commons-beanutils-1.9.2.jar:/Users/rajeshchaudhary/.m2/repository/commons-digester/commons-digester/1.8.1/commons-digester-1.8.1.jar:/Users/rajeshchaudhary/.m2/repository/commons-collections/commons-collections/3.2.2/commons-collections-3.2.2.jar:/Users/rajeshchaudhary/.m2/repository/org/apache/commons/commons-lang3/3.9/commons-lang3-3.9.jar:/Users/rajeshchaudhary/.m2/repository/commons-io/commons-io/2.6/commons-io-2.6.jar:/Users/rajeshchaudhary/.m2/repository/org/springframework/spring-context/5.1.8.RELEASE/spring-context-5.1.8.RELEASE.jar:/Users/rajeshchaudhary/.m2/repository/org/springframework/spring-aop/5.1.8.RELEASE/spring-aop-5.1.8.RELEASE.jar:/Users/rajeshchaudhary/.m2/repository/org/springframework/spring-beans/5.1.8.RELEASE/spring-beans-5.1.8.RELEASE.jar:/Users/rajeshchaudhary/.m2/repository/org/springframework/spring-core/5.1.8.RELEASE/spring-core-5.1.8.RELEASE.jar:/Users/rajeshchaudhary/.m2/repository/org/springframework/spring-jcl/5.1.8.RELEASE/spring-jcl-5.1.8.RELEASE.jar:/Users/rajeshchaudhary/.m2/repository/org/springframework/spring-expression/5.1.8.RELEASE/spring-expression-5.1.8.RELEASE.jar:/Users/rajeshchaudhary/.m2/repository/org/aspectj/aspectjweaver/1.9.4/aspectjweaver-1.9.4.jar:/Users/rajeshchaudhary/.m2/repository/org/slf4j/slf4j-api/1.7.26/slf4j-api-1.7.26.jar:/Users/rajeshchaudhary/.m2/repository/org/testng/testng/7.1.0/testng-7.1.0.jar:/Users/rajeshchaudhary/.m2/repository/com/beust/jcommander/1.72/jcommander-1.72.jar:/Users/rajeshchaudhary/.m2/repository/com/google/inject/guice/4.1.0/guice-4.1.0-no_aop.jar:/Users/rajeshchaudhary/.m2/repository/javax/inject/javax.inject/1/javax.inject-1.jar:/Users/rajeshchaudhary/.m2/repository/aopalliance/aopalliance/1.0/aopalliance-1.0.jar:/Users/rajeshchaudhary/.m2/repository/org/yaml/snakeyaml/1.21/snakeyaml-1.21.jar:"/>
    <property name="java.vm.vendor" value="Oracle Corporation"/>
    <property name="sun.arch.data.model" value="64"/>
    <property name="java.vendor.url" value="http://java.oracle.com/"/>
    <property name="user.timezone" value="Asia/Kolkata"/>
    <property name="java.vm.specification.version" value="1.8"/>
    <property name="os.name" value="Mac OS X"/>
    <property name="user.country" value="IN"/>
    <property name="sun.java.launcher" value="SUN_STANDARD"/>
    <property name="sun.boot.library.path" value="/Library/Java/JavaVirtualMachines/jdk1.8.0_201.jdk/Contents/Home/jre/lib"/>
    <property name="sun.java.command" value="/Users/rajeshchaudhary/Documents/okcredit/target/surefire/surefirebooter5038792351580225467.jar /Users/rajeshchaudhary/Documents/okcredit/target/surefire 2020-05-17T10-38-09_442-jvmRun1 surefire8216378724539247173tmp surefire_03675516743863875127tmp"/>
    <property name="surefire.test.class.path" value="/Users/rajeshchaudhary/Documents/okcredit/target/test-classes:/Users/rajeshchaudhary/Documents/okcredit/target/classes:/Users/rajeshchaudhary/.m2/repository/io/appium/java-client/7.3.0/java-client-7.3.0.jar:/Users/rajeshchaudhary/.m2/repository/org/seleniumhq/selenium/selenium-java/3.141.59/selenium-java-3.141.59.jar:/Users/rajeshchaudhary/.m2/repository/org/seleniumhq/selenium/selenium-chrome-driver/3.141.59/selenium-chrome-driver-3.141.59.jar:/Users/rajeshchaudhary/.m2/repository/org/seleniumhq/selenium/selenium-edge-driver/3.141.59/selenium-edge-driver-3.141.59.jar:/Users/rajeshchaudhary/.m2/repository/org/seleniumhq/selenium/selenium-firefox-driver/3.141.59/selenium-firefox-driver-3.141.59.jar:/Users/rajeshchaudhary/.m2/repository/org/seleniumhq/selenium/selenium-ie-driver/3.141.59/selenium-ie-driver-3.141.59.jar:/Users/rajeshchaudhary/.m2/repository/org/seleniumhq/selenium/selenium-opera-driver/3.141.59/selenium-opera-driver-3.141.59.jar:/Users/rajeshchaudhary/.m2/repository/org/seleniumhq/selenium/selenium-remote-driver/3.141.59/selenium-remote-driver-3.141.59.jar:/Users/rajeshchaudhary/.m2/repository/org/seleniumhq/selenium/selenium-safari-driver/3.141.59/selenium-safari-driver-3.141.59.jar:/Users/rajeshchaudhary/.m2/repository/net/bytebuddy/byte-buddy/1.8.15/byte-buddy-1.8.15.jar:/Users/rajeshchaudhary/.m2/repository/org/apache/commons/commons-exec/1.3/commons-exec-1.3.jar:/Users/rajeshchaudhary/.m2/repository/com/google/guava/guava/25.0-jre/guava-25.0-jre.jar:/Users/rajeshchaudhary/.m2/repository/com/google/code/findbugs/jsr305/1.3.9/jsr305-1.3.9.jar:/Users/rajeshchaudhary/.m2/repository/org/checkerframework/checker-compat-qual/2.0.0/checker-compat-qual-2.0.0.jar:/Users/rajeshchaudhary/.m2/repository/com/google/errorprone/error_prone_annotations/2.1.3/error_prone_annotations-2.1.3.jar:/Users/rajeshchaudhary/.m2/repository/com/google/j2objc/j2objc-annotations/1.1/j2objc-annotations-1.1.jar:/Users/rajeshchaudhary/.m2/repository/org/codehaus/mojo/animal-sniffer-annotations/1.14/animal-sniffer-annotations-1.14.jar:/Users/rajeshchaudhary/.m2/repository/com/squareup/okhttp3/okhttp/3.11.0/okhttp-3.11.0.jar:/Users/rajeshchaudhary/.m2/repository/com/squareup/okio/okio/1.14.0/okio-1.14.0.jar:/Users/rajeshchaudhary/.m2/repository/org/seleniumhq/selenium/selenium-support/3.141.59/selenium-support-3.141.59.jar:/Users/rajeshchaudhary/.m2/repository/org/seleniumhq/selenium/selenium-api/3.141.59/selenium-api-3.141.59.jar:/Users/rajeshchaudhary/.m2/repository/com/google/code/gson/gson/2.8.5/gson-2.8.5.jar:/Users/rajeshchaudhary/.m2/repository/org/apache/httpcomponents/httpclient/4.5.9/httpclient-4.5.9.jar:/Users/rajeshchaudhary/.m2/repository/org/apache/httpcomponents/httpcore/4.4.11/httpcore-4.4.11.jar:/Users/rajeshchaudhary/.m2/repository/commons-logging/commons-logging/1.2/commons-logging-1.2.jar:/Users/rajeshchaudhary/.m2/repository/commons-codec/commons-codec/1.11/commons-codec-1.11.jar:/Users/rajeshchaudhary/.m2/repository/cglib/cglib/3.2.12/cglib-3.2.12.jar:/Users/rajeshchaudhary/.m2/repository/org/ow2/asm/asm/7.1/asm-7.1.jar:/Users/rajeshchaudhary/.m2/repository/commons-validator/commons-validator/1.6/commons-validator-1.6.jar:/Users/rajeshchaudhary/.m2/repository/commons-beanutils/commons-beanutils/1.9.2/commons-beanutils-1.9.2.jar:/Users/rajeshchaudhary/.m2/repository/commons-digester/commons-digester/1.8.1/commons-digester-1.8.1.jar:/Users/rajeshchaudhary/.m2/repository/commons-collections/commons-collections/3.2.2/commons-collections-3.2.2.jar:/Users/rajeshchaudhary/.m2/repository/org/apache/commons/commons-lang3/3.9/commons-lang3-3.9.jar:/Users/rajeshchaudhary/.m2/repository/commons-io/commons-io/2.6/commons-io-2.6.jar:/Users/rajeshchaudhary/.m2/repository/org/springframework/spring-context/5.1.8.RELEASE/spring-context-5.1.8.RELEASE.jar:/Users/rajeshchaudhary/.m2/repository/org/springframework/spring-aop/5.1.8.RELEASE/spring-aop-5.1.8.RELEASE.jar:/Users/rajeshchaudhary/.m2/repository/org/springframework/spring-beans/5.1.8.RELEASE/spring-beans-5.1.8.RELEASE.jar:/Users/rajeshchaudhary/.m2/repository/org/springframework/spring-core/5.1.8.RELEASE/spring-core-5.1.8.RELEASE.jar:/Users/rajeshchaudhary/.m2/repository/org/springframework/spring-jcl/5.1.8.RELEASE/spring-jcl-5.1.8.RELEASE.jar:/Users/rajeshchaudhary/.m2/repository/org/springframework/spring-expression/5.1.8.RELEASE/spring-expression-5.1.8.RELEASE.jar:/Users/rajeshchaudhary/.m2/repository/org/aspectj/aspectjweaver/1.9.4/aspectjweaver-1.9.4.jar:/Users/rajeshchaudhary/.m2/repository/org/slf4j/slf4j-api/1.7.26/slf4j-api-1.7.26.jar:/Users/rajeshchaudhary/.m2/repository/org/testng/testng/7.1.0/testng-7.1.0.jar:/Users/rajeshchaudhary/.m2/repository/com/beust/jcommander/1.72/jcommander-1.72.jar:/Users/rajeshchaudhary/.m2/repository/com/google/inject/guice/4.1.0/guice-4.1.0-no_aop.jar:/Users/rajeshchaudhary/.m2/repository/javax/inject/javax.inject/1/javax.inject-1.jar:/Users/rajeshchaudhary/.m2/repository/aopalliance/aopalliance/1.0/aopalliance-1.0.jar:/Users/rajeshchaudhary/.m2/repository/org/yaml/snakeyaml/1.21/snakeyaml-1.21.jar:"/>
    <property name="sun.cpu.endian" value="little"/>
    <property name="user.home" value="/Users/rajeshchaudhary"/>
    <property name="user.language" value="en"/>
    <property name="java.specification.vendor" value="Oracle Corporation"/>
    <property name="java.home" value="/Library/Java/JavaVirtualMachines/jdk1.8.0_201.jdk/Contents/Home/jre"/>
    <property name="basedir" value="/Users/rajeshchaudhary/Documents/okcredit"/>
    <property name="file.separator" value="/"/>
    <property name="line.separator" value="&#10;"/>
    <property name="java.vm.specification.vendor" value="Oracle Corporation"/>
    <property name="java.specification.name" value="Java Platform API Specification"/>
    <property name="java.awt.graphicsenv" value="sun.awt.CGraphicsEnvironment"/>
    <property name="surefire.real.class.path" value="/Users/rajeshchaudhary/Documents/okcredit/target/surefire/surefirebooter5038792351580225467.jar"/>
    <property name="sun.boot.class.path" value="/Library/Java/JavaVirtualMachines/jdk1.8.0_201.jdk/Contents/Home/jre/lib/resources.jar:/Library/Java/JavaVirtualMachines/jdk1.8.0_201.jdk/Contents/Home/jre/lib/rt.jar:/Library/Java/JavaVirtualMachines/jdk1.8.0_201.jdk/Contents/Home/jre/lib/sunrsasign.jar:/Library/Java/JavaVirtualMachines/jdk1.8.0_201.jdk/Contents/Home/jre/lib/jsse.jar:/Library/Java/JavaVirtualMachines/jdk1.8.0_201.jdk/Contents/Home/jre/lib/jce.jar:/Library/Java/JavaVirtualMachines/jdk1.8.0_201.jdk/Contents/Home/jre/lib/charsets.jar:/Library/Java/JavaVirtualMachines/jdk1.8.0_201.jdk/Contents/Home/jre/lib/jfr.jar:/Library/Java/JavaVirtualMachines/jdk1.8.0_201.jdk/Contents/Home/jre/classes"/>
    <property name="sun.management.compiler" value="HotSpot 64-Bit Tiered Compilers"/>
    <property name="java.runtime.version" value="1.8.0_201-b09"/>
    <property name="user.name" value="rajeshchaudhary"/>
    <property name="path.separator" value=":"/>
    <property name="os.version" value="10.13.6"/>
    <property name="java.endorsed.dirs" value="/Library/Java/JavaVirtualMachines/jdk1.8.0_201.jdk/Contents/Home/jre/lib/endorsed"/>
    <property name="java.runtime.name" value="Java(TM) SE Runtime Environment"/>
    <property name="file.encoding" value="US-ASCII"/>
    <property name="java.vm.name" value="Java HotSpot(TM) 64-Bit Server VM"/>
    <property name="localRepository" value="/Users/rajeshchaudhary/.m2/repository"/>
    <property name="java.vendor.url.bug" value="http://bugreport.sun.com/bugreport/"/>
    <property name="java.io.tmpdir" value="/var/folders/mg/780gnybx33b4kkf8yp722q_m0000gn/T/"/>
    <property name="java.version" value="1.8.0_201"/>
    <property name="user.dir" value="/Users/rajeshchaudhary/Documents/okcredit"/>
    <property name="os.arch" value="x86_64"/>
    <property name="java.vm.specification.name" value="Java Virtual Machine Specification"/>
    <property name="java.awt.printerjob" value="sun.lwawt.macosx.CPrinterJob"/>
    <property name="sun.os.patch.level" value="unknown"/>
    <property name="java.library.path" value="/Users/rajeshchaudhary/Library/Java/Extensions:/Library/Java/Extensions:/Network/Library/Java/Extensions:/System/Library/Java/Extensions:/usr/lib/java:."/>
    <property name="java.vm.info" value="mixed mode"/>
    <property name="java.vendor" value="Oracle Corporation"/>
    <property name="java.vm.version" value="25.201-b09"/>
    <property name="java.ext.dirs" value="/Users/rajeshchaudhary/Library/Java/Extensions:/Library/Java/JavaVirtualMachines/jdk1.8.0_201.jdk/Contents/Home/jre/lib/ext:/Library/Java/Extensions:/Network/Library/Java/Extensions:/System/Library/Java/Extensions:/usr/lib/java"/>
    <property name="sun.io.unicode.encoding" value="UnicodeBig"/>
    <property name="java.class.version" value="52.0"/>
  </properties>
  <testcase name="verifyUserIsAdded" classname="HomePageTest" time="6.055">
    <failure message="expected [true] but found [false]" type="java.lang.AssertionError"><![CDATA[java.lang.AssertionError: expected [true] but found [false]
	at HomePageTest.verifyUserIsAdded(HomePageTest.java:26)
]]></failure>
    <system-out><![CDATA[ruko
ruko
]]></system-out>
    <system-err><![CDATA[SLF4J: Failed to load class "org.slf4j.impl.StaticLoggerBinder".
SLF4J: Defaulting to no-operation (NOP) logger implementation
SLF4J: See http://www.slf4j.org/codes.html#StaticLoggerBinder for further details.
May 17, 2020 10:38:18 AM io.appium.java_client.remote.AppiumCommandExecutor$1 lambda$0
INFO: Detected dialect: W3C
May 17, 2020 10:38:20 AM io.appium.java_client.remote.AppiumCommandExecutor$1 lambda$0
INFO: Detected dialect: W3C
]]></system-err>
  </testcase>
  <testcase name="verifyUserIsAdded" classname="HomePageTest" time="6.328">
    <failure message="A session is either terminated or not started&#10;Build info: version: &apos;3.141.59&apos;, revision: &apos;e82be7d358&apos;, time: &apos;2018-11-14T08:17:03&apos;&#10;System info: host: &apos;Rajeshs-MacBook-Pro.local&apos;, ip: &apos;fe80:0:0:0:141e:5fc4:4689:6d78%en0&apos;, os.name: &apos;Mac OS X&apos;, os.arch: &apos;x86_64&apos;, os.version: &apos;10.13.6&apos;, java.version: &apos;1.8.0_201&apos;&#10;Driver info: io.appium.java_client.android.AndroidDriver&#10;Capabilities {app: /Users/rajeshchaudhary/Docu..., appActivity: in.okcredit.app.ui.launcher..., appPackage: in.okcredit.merchant, automationName: UiAutomator2, databaseEnabled: false, desired: {app: /Users/rajeshchaudhary/Docu..., appActivity: in.okcredit.app.ui.launcher..., appPackage: in.okcredit.merchant, automationName: UiAutomator2, deviceName: emulator-5554, platformName: android, platformVersion: 8.1.0, resetKeyboard: true, unicodeKeyboard: true}, deviceApiLevel: 27, deviceManufacturer: Google, deviceModel: Android SDK built for x86, deviceName: emulator-5556, deviceScreenDensity: 420, deviceScreenSize: 1080x1920, deviceUDID: emulator-5556, javascriptEnabled: true, locationContextEnabled: false, networkConnectionEnabled: true, pixelRatio: 2.625, platform: LINUX, platformName: android, platformVersion: 8.1.0, resetKeyboard: true, statBarHeight: 63, takesScreenshot: true, unicodeKeyboard: true, viewportRect: {height: 1731, left: 0, top: 63, width: 1080}, warnings: {}, webStorageEnabled: false}&#10;Session ID: 86e70a96-effa-4623-941f-8e853f4dc058" type="org.openqa.selenium.NoSuchSessionException"><![CDATA[org.openqa.selenium.NoSuchSessionException: 
A session is either terminated or not started
Build info: version: '3.141.59', revision: 'e82be7d358', time: '2018-11-14T08:17:03'
System info: host: 'Rajeshs-MacBook-Pro.local', ip: 'fe80:0:0:0:141e:5fc4:4689:6d78%en0', os.name: 'Mac OS X', os.arch: 'x86_64', os.version: '10.13.6', java.version: '1.8.0_201'
Driver info: io.appium.java_client.android.AndroidDriver
Capabilities {app: /Users/rajeshchaudhary/Docu..., appActivity: in.okcredit.app.ui.launcher..., appPackage: in.okcredit.merchant, automationName: UiAutomator2, databaseEnabled: false, desired: {app: /Users/rajeshchaudhary/Docu..., appActivity: in.okcredit.app.ui.launcher..., appPackage: in.okcredit.merchant, automationName: UiAutomator2, deviceName: emulator-5554, platformName: android, platformVersion: 8.1.0, resetKeyboard: true, unicodeKeyboard: true}, deviceApiLevel: 27, deviceManufacturer: Google, deviceModel: Android SDK built for x86, deviceName: emulator-5556, deviceScreenDensity: 420, deviceScreenSize: 1080x1920, deviceUDID: emulator-5556, javascriptEnabled: true, locationContextEnabled: false, networkConnectionEnabled: true, pixelRatio: 2.625, platform: LINUX, platformName: android, platformVersion: 8.1.0, resetKeyboard: true, statBarHeight: 63, takesScreenshot: true, unicodeKeyboard: true, viewportRect: {height: 1731, left: 0, top: 63, width: 1080}, warnings: {}, webStorageEnabled: false}
Session ID: 86e70a96-effa-4623-941f-8e853f4dc058
	at HomePageTest.verifyUserIsAdded(HomePageTest.java:25)
]]></failure>
  </testcase>
  <testcase name="afterSuite" classname="BaseTest" time="6.349">
    <failure message="A session is either terminated or not started&#10;Build info: version: &apos;3.141.59&apos;, revision: &apos;e82be7d358&apos;, time: &apos;2018-11-14T08:17:03&apos;&#10;System info: host: &apos;Rajeshs-MacBook-Pro.local&apos;, ip: &apos;fe80:0:0:0:141e:5fc4:4689:6d78%en0&apos;, os.name: &apos;Mac OS X&apos;, os.arch: &apos;x86_64&apos;, os.version: &apos;10.13.6&apos;, java.version: &apos;1.8.0_201&apos;&#10;Driver info: io.appium.java_client.android.AndroidDriver&#10;Capabilities {app: /Users/rajeshchaudhary/Docu..., appActivity: in.okcredit.app.ui.launcher..., appPackage: in.okcredit.merchant, automationName: UiAutomator2, databaseEnabled: false, desired: {app: /Users/rajeshchaudhary/Docu..., appActivity: in.okcredit.app.ui.launcher..., appPackage: in.okcredit.merchant, automationName: UiAutomator2, deviceName: emulator-5554, platformName: android, platformVersion: 8.1.0, resetKeyboard: true, unicodeKeyboard: true}, deviceApiLevel: 27, deviceManufacturer: Google, deviceModel: Android SDK built for x86, deviceName: emulator-5556, deviceScreenDensity: 420, deviceScreenSize: 1080x1920, deviceUDID: emulator-5556, javascriptEnabled: true, locationContextEnabled: false, networkConnectionEnabled: true, pixelRatio: 2.625, platform: LINUX, platformName: android, platformVersion: 8.1.0, resetKeyboard: true, statBarHeight: 63, takesScreenshot: true, unicodeKeyboard: true, viewportRect: {height: 1731, left: 0, top: 63, width: 1080}, warnings: {}, webStorageEnabled: false}&#10;Session ID: 86e70a96-effa-4623-941f-8e853f4dc058" type="org.openqa.selenium.NoSuchSessionException"><![CDATA[org.openqa.selenium.NoSuchSessionException: 
A session is either terminated or not started
Build info: version: '3.141.59', revision: 'e82be7d358', time: '2018-11-14T08:17:03'
System info: host: 'Rajeshs-MacBook-Pro.local', ip: 'fe80:0:0:0:141e:5fc4:4689:6d78%en0', os.name: 'Mac OS X', os.arch: 'x86_64', os.version: '10.13.6', java.version: '1.8.0_201'
Driver info: io.appium.java_client.android.AndroidDriver
Capabilities {app: /Users/rajeshchaudhary/Docu..., appActivity: in.okcredit.app.ui.launcher..., appPackage: in.okcredit.merchant, automationName: UiAutomator2, databaseEnabled: false, desired: {app: /Users/rajeshchaudhary/Docu..., appActivity: in.okcredit.app.ui.launcher..., appPackage: in.okcredit.merchant, automationName: UiAutomator2, deviceName: emulator-5554, platformName: android, platformVersion: 8.1.0, resetKeyboard: true, unicodeKeyboard: true}, deviceApiLevel: 27, deviceManufacturer: Google, deviceModel: Android SDK built for x86, deviceName: emulator-5556, deviceScreenDensity: 420, deviceScreenSize: 1080x1920, deviceUDID: emulator-5556, javascriptEnabled: true, locationContextEnabled: false, networkConnectionEnabled: true, pixelRatio: 2.625, platform: LINUX, platformName: android, platformVersion: 8.1.0, resetKeyboard: true, statBarHeight: 63, takesScreenshot: true, unicodeKeyboard: true, viewportRect: {height: 1731, left: 0, top: 63, width: 1080}, warnings: {}, webStorageEnabled: false}
Session ID: 86e70a96-effa-4623-941f-8e853f4dc058
	at BaseTest.afterSuite(BaseTest.java:37)
]]></failure>
  </testcase>
</testsuite>